<?xml version="1.0" encoding="UTF-8"?>
<!-- Generated by org.testng.reporters.JUnitReportReporter -->
<testsuite skipped="0" hostname="MacBook-Pro.fios-router.home" name="TestHomePage.TestAmazonMain" tests="18" failures="0" timestamp="24 Mar 2019 16:56:36 GMT" time="42.163" errors="0">
  <testcase name="getBooks" time="2.921" classname="TestHomePage.TestAmazonMain"/>
  <testcase name="getshowAlexaSkills" time="0.844" classname="TestHomePage.TestAmazonMain"/>
  <testcase name="getselectgridSelectPrime" time="0.914" classname="TestHomePage.TestAmazonMain"/>
  <testcase name="getcategorieBaby" time="3.099" classname="TestHomePage.TestAmazonMain"/>
  <testcase name="getSearchbar" time="0.829" classname="TestHomePage.TestAmazonMain"/>
  <testcase name="getcategoryAppliances" time="2.633" classname="TestHomePage.TestAmazonMain"/>
  <testcase name="getClicktryPrime" time="2.045" classname="TestHomePage.TestAmazonMain"/>
  <testcase name="getBeautyPersonal" time="3.808" classname="TestHomePage.TestAmazonMain"/>
  <testcase name="getcategoryAlexa" time="3.622" classname="TestHomePage.TestAmazonMain"/>
  <testcase name="getcategoryGames" time="3.038" classname="TestHomePage.TestAmazonMain"/>
  <testcase name="getArtsAutomotive" time="2.927" classname="TestHomePage.TestAmazonMain"/>
  <testcase name="getcategoryArtCrafts" time="3.781" classname="TestHomePage.TestAmazonMain"/>
  <testcase name="getDeliverto" time="1.029" classname="TestHomePage.TestAmazonMain"/>
  <testcase name="getSearchitems" time="0.833" classname="TestHomePage.TestAmazonMain"/>
  <testcase name="getamazonFresh" time="2.942" classname="TestHomePage.TestAmazonMain"/>
  <testcase name="getSearchitem" time="2.116" classname="TestHomePage.TestAmazonMain"/>
  <testcase name="getAutomotiveParts" time="2.328" classname="TestHomePage.TestAmazonMain"/>
  <testcase name="getCD" time="2.454" classname="TestHomePage.TestAmazonMain"/>
</testsuite> <!-- TestHomePage.TestAmazonMain -->
