<?xml version="1.0" encoding="UTF-8"?>
<!-- Generated by org.testng.reporters.JUnitReportReporter -->
<testsuite skipped="0" hostname="MacBook-Pro.fios-router.home" name="TestHomePage.TestAmazonCategoriesList" tests="1" failures="0" timestamp="24 Mar 2019 16:56:36 GMT" time="1.516" errors="0">
  <testcase name="getCategories" time="1.516" classname="TestHomePage.TestAmazonCategoriesList"/>
</testsuite> <!-- TestHomePage.TestAmazonCategoriesList -->
