<?xml version="1.0" encoding="UTF-8"?>
<!-- Generated by org.testng.reporters.JUnitReportReporter -->
<testsuite skipped="0" hostname="MacBook-Pro.fios-router.home" name="TestHomePage.TestAmazonCategories" tests="19" failures="0" timestamp="24 Mar 2019 16:56:36 GMT" time="54.666" errors="0">
  <testcase name="getClothingShoes" time="4.279" classname="TestHomePage.TestAmazonCategories"/>
  <testcase name="getDigitalMusic" time="2.682" classname="TestHomePage.TestAmazonCategories"/>
  <testcase name="getHealth" time="2.449" classname="TestHomePage.TestAmazonCategories"/>
  <testcase name="getGiftCard" time="2.120" classname="TestHomePage.TestAmazonCategories"/>
  <testcase name="getGarden" time="3.766" classname="TestHomePage.TestAmazonCategories"/>
  <testcase name="getitemsofGirls" time="3.111" classname="TestHomePage.TestAmazonCategories"/>
  <testcase name="getWarehouseDeals" time="2.320" classname="TestHomePage.TestAmazonCategories"/>
  <testcase name="getitemsofBoys" time="3.753" classname="TestHomePage.TestAmazonCategories"/>
  <testcase name="getCourses" time="2.176" classname="TestHomePage.TestAmazonCategories"/>
  <testcase name="getGrocery" time="3.295" classname="TestHomePage.TestAmazonCategories"/>
  <testcase name="getfineart" time="3.234" classname="TestHomePage.TestAmazonCategories"/>
  <testcase name="getCredit" time="1.862" classname="TestHomePage.TestAmazonCategories"/>
  <testcase name="getMovies" time="2.579" classname="TestHomePage.TestAmazonCategories"/>
  <testcase name="getKindle" time="3.284" classname="TestHomePage.TestAmazonCategories"/>
  <testcase name="getitemsofMen" time="1.134" classname="TestHomePage.TestAmazonCategories"/>
  <testcase name="getBabyFashion" time="2.846" classname="TestHomePage.TestAmazonCategories"/>
  <testcase name="getComputers" time="3.924" classname="TestHomePage.TestAmazonCategories"/>
  <testcase name="getitemsofWomen" time="2.976" classname="TestHomePage.TestAmazonCategories"/>
  <testcase name="getElectronics" time="2.876" classname="TestHomePage.TestAmazonCategories"/>
</testsuite> <!-- TestHomePage.TestAmazonCategories -->
